<?xml version="1.0" encoding="UTF-8"?>
<robot generator="Robot 7.1 (Python 3.12.6 on win32)" generated="2024-10-07T12:19:37.896297" rpa="false" schemaversion="5">
<suite id="s1" name="Scrolling" source="C:\Users\USER\PycharmProjects\robottest\Scrolling.robot">
<test id="s1-t1" name="Open Application" line="13">
<kw name="Open Appium Application">
<kw name="Open Application" owner="AppiumLibrary">
<arg>${server}</arg>
<arg>automationName=${automation}</arg>
<arg>platformName=${platform}</arg>
<arg>deviceName=${device}</arg>
<arg>appPackage=${package}</arg>
<arg>appActivity=${activity}</arg>
<doc>Opens a new application to given Appium server.
Capabilities of appium server, Android and iOS,
Please check https://appium.io/docs/en/2.1/cli/args/
| *Option*            | *Man.* | *Description*     |
| remote_url          | Yes    | Appium server url |
| alias               | no     | alias             |
| strict_ssl          | No     | allows you to send commands to an invalid certificate host like a self-signed one. |</doc>
<status status="PASS" start="2024-10-07T12:19:38.189340" elapsed="13.480000"/>
</kw>
<status status="PASS" start="2024-10-07T12:19:38.189340" elapsed="13.480000"/>
</kw>
<kw name="Click Element" owner="AppiumLibrary">
<msg time="2024-10-07T12:19:51.671307" level="INFO">Clicking element 'xpath=//android.widget.TextView[@text='Notifications']'.</msg>
<msg time="2024-10-07T12:19:54.292838" level="INFO">xpath criteria: //android.widget.TextView[@text='Notifications']</msg>
<arg>xpath=//android.widget.TextView[@text='Notifications']</arg>
<doc>Click element identified by `locator`.</doc>
<status status="PASS" start="2024-10-07T12:19:51.670301" elapsed="2.622537"/>
</kw>
<kw name="Sleep" owner="BuiltIn">
<msg time="2024-10-07T12:19:59.294106" level="INFO">Slept 5 seconds.</msg>
<arg>5</arg>
<doc>Pauses the test executed for the given time.</doc>
<status status="PASS" start="2024-10-07T12:19:54.293838" elapsed="5.000268"/>
</kw>
<kw name="Element Should Be Visible" owner="AppiumLibrary">
<arg>android= new UiScrollable(new UiSelector()).scrollIntoView(new UiSelector().text("Wireless emergency alerts"))</arg>
<doc>Verifies that element identified with locator is visible.</doc>
<status status="PASS" start="2024-10-07T12:19:59.294674" elapsed="6.079824"/>
</kw>
<kw name="Click Element" owner="AppiumLibrary">
<msg time="2024-10-07T12:20:05.376018" level="INFO">Clicking element 'xpath=//android.widget.TextView[@text='Wireless emergency alerts']'.</msg>
<msg time="2024-10-07T12:20:05.680299" level="INFO">xpath criteria: //android.widget.TextView[@text='Wireless emergency alerts']</msg>
<arg>xpath=//android.widget.TextView[@text='Wireless emergency alerts']</arg>
<doc>Click element identified by `locator`.</doc>
<status status="PASS" start="2024-10-07T12:20:05.374498" elapsed="0.305801"/>
</kw>
<kw name="Close Application" owner="AppiumLibrary">
<doc>Closes the current application and also close webdriver session.</doc>
<status status="PASS" start="2024-10-07T12:20:05.681320" elapsed="0.753573"/>
</kw>
<status status="PASS" start="2024-10-07T12:19:38.188307" elapsed="28.248106"/>
</test>
<status status="PASS" start="2024-10-07T12:19:37.898309" elapsed="28.541123"/>
</suite>
<statistics>
<total>
<stat pass="1" fail="0" skip="0">All Tests</stat>
</total>
<tag>
</tag>
<suite>
<stat pass="1" fail="0" skip="0" id="s1" name="Scrolling">Scrolling</stat>
</suite>
</statistics>
<errors>
</errors>
</robot>
